{
  "stats": {
    "suites": 1,
    "tests": 7,
    "passes": 7,
    "pending": 0,
    "failures": 0,
    "start": "2022-07-14T10:38:03.758Z",
    "end": "2022-07-14T10:38:34.706Z",
    "duration": 30948,
    "testsRegistered": 7,
    "passPercent": 100,
    "pendingPercent": 0,
    "other": 0,
    "hasOther": false,
    "skipped": 0,
    "hasSkipped": false
  },
  "results": [
    {
      "uuid": "652b53d0-9f59-4a46-8a74-c3cc01b52cb9",
      "title": "",
      "fullFile": "cypress\\integration\\examples\\test1.js",
      "file": "cypress\\integration\\examples\\test1.js",
      "beforeHooks": [],
      "afterHooks": [],
      "tests": [],
      "suites": [
        {
          "uuid": "984061aa-d6b9-44df-aac1-e78112745941",
          "title": "My first Test Suite",
          "fullFile": "",
          "file": "",
          "beforeHooks": [],
          "afterHooks": [],
          "tests": [
            {
              "title": "Using the Cypress tool bar",
              "fullTitle": "My first Test Suite Using the Cypress tool bar",
              "timedOut": null,
              "duration": 10974,
              "state": "passed",
              "speed": "slow",
              "pass": true,
              "fail": false,
              "pending": false,
              "context": null,
              "code": "cy.visit(\"https://rahulshettyacademy.com/seleniumPractise/#/\");\ncy.get('.search-keyword').type('cu');\ncy.wait(2000);\ncy.get('.product:visible').should('have.length', 2);",
              "err": {},
              "uuid": "8f8c9161-13d1-4051-a977-0f16ec2bb43f",
              "parentUUID": "984061aa-d6b9-44df-aac1-e78112745941",
              "isHook": false,
              "skipped": false
            },
            {
              "title": "Using the tool bar with the Attribute selector",
              "fullTitle": "My first Test Suite Using the tool bar with the Attribute selector",
              "timedOut": null,
              "duration": 3430,
              "state": "passed",
              "speed": "fast",
              "pass": true,
              "fail": false,
              "pending": false,
              "context": null,
              "code": "cy.visit(\"https://rahulshettyacademy.com/seleniumPractise/#/\");\ncy.get(\"[placeholder='Search for Vegetables and Fruits']\").type('ca');\ncy.wait(2000);\ncy.get('.product:visible').should('have.length', 4);",
              "err": {},
              "uuid": "28046c7c-b309-4c58-928d-e1f20be68f7d",
              "parentUUID": "984061aa-d6b9-44df-aac1-e78112745941",
              "isHook": false,
              "skipped": false
            },
            {
              "title": "Select products from a component",
              "fullTitle": "My first Test Suite Select products from a component",
              "timedOut": null,
              "duration": 2907,
              "state": "passed",
              "speed": "fast",
              "pass": true,
              "fail": false,
              "pending": false,
              "context": null,
              "code": "cy.visit(\"https://rahulshettyacademy.com/seleniumPractise/#/\");\ncy.get(\"[placeholder='Search for Vegetables and Fruits']\").type('ca');\ncy.wait(2000);\ncy.get('.product:visible').should('have.length', 4);\ncy.get('.products').find('.product').should('have.length', 4);\ncy.get('.products').find('.product').eq(2).contains('ADD TO CART').click();",
              "err": {},
              "uuid": "4687e9a7-188b-4bda-86e9-ccd9b9bf903c",
              "parentUUID": "984061aa-d6b9-44df-aac1-e78112745941",
              "isHook": false,
              "skipped": false
            },
            {
              "title": "Dynamic selection from products (each) I",
              "fullTitle": "My first Test Suite Dynamic selection from products (each) I",
              "timedOut": null,
              "duration": 3026,
              "state": "passed",
              "speed": "fast",
              "pass": true,
              "fail": false,
              "pending": false,
              "context": null,
              "code": "cy.visit(\"https://rahulshettyacademy.com/seleniumPractise/#/\");\ncy.get(\"[placeholder='Search for Vegetables and Fruits']\").type('ca');\ncy.wait(2000);\ncy.get('.product:visible').should('have.length', 4);\ncy.get('.products').find('.product').should('have.length', 4);\ncy.get('.products').find('.product').each(($el, index, $list) => {\n  const SavingTheText = $el.find('h4.product-name').text();\n  if (SavingTheText.includes('Cashews')) {\n    /* \n        $el.find('button').click(); \n        Funciona, pero esta deprecado el metodo click en FIND, por eso se lo enmarca con el cy-wrap($el)\n    */\n    cy.wrap($el).find('button').click();\n  }\n});\ncy.get('.products').find('.product').each(($el, index, $list) => {\n  const SavingTheText = $el.find('h4.product-name').text();\n  if (SavingTheText.includes('Carrot')) {\n    cy.wrap($el).find('button').click();\n  }\n});",
              "err": {},
              "uuid": "3d714d6c-ad9d-45b2-9c3c-95adc76b2437",
              "parentUUID": "984061aa-d6b9-44df-aac1-e78112745941",
              "isHook": false,
              "skipped": false
            },
            {
              "title": "Get a Title and show it in Cypress events",
              "fullTitle": "My first Test Suite Get a Title and show it in Cypress events",
              "timedOut": null,
              "duration": 481,
              "state": "passed",
              "speed": "fast",
              "pass": true,
              "fail": false,
              "pending": false,
              "context": null,
              "code": "cy.visit(\"https://rahulshettyacademy.com/seleniumPractise/#/\");\n/* promice */\ncy.get('.brand').then(function (logoelement) {\n  cy.log(logoelement.text());\n});",
              "err": {},
              "uuid": "d2fd7793-9d06-4447-bd3c-5e97a91abc63",
              "parentUUID": "984061aa-d6b9-44df-aac1-e78112745941",
              "isHook": false,
              "skipped": false
            },
            {
              "title": "Alias ",
              "fullTitle": "My first Test Suite Alias ",
              "timedOut": null,
              "duration": 2879,
              "state": "passed",
              "speed": "fast",
              "pass": true,
              "fail": false,
              "pending": false,
              "context": null,
              "code": "cy.visit(\"https://rahulshettyacademy.com/seleniumPractise/#/\");\ncy.visit(\"https://rahulshettyacademy.com/seleniumPractise/#/\");\ncy.get(\"[placeholder='Search for Vegetables and Fruits']\").type('ca');\ncy.wait(2000);\n/* Creo un Alias */\ncy.get('.products').as('productLocator');\n/* Usando el alias */\ncy.get('.product:visible').should('have.length', 4);\ncy.get('@productLocator').find('.product').should('have.length', 4);\ncy.get('@productLocator').find('.product').each(($el, index, $list) => {\n  const SavingTheText = $el.find('h4.product-name').text();\n  if (SavingTheText.includes('Cashews')) {\n    /* \n        $el.find('button').click(); \n        Funciona, pero esta deprecado el metodo click en FIND, por eso se lo enmarca con el cy-wrap($el)\n    */\n    cy.wrap($el).find('button').click();\n  }\n});",
              "err": {},
              "uuid": "ab46e0c9-c5fa-4920-b5fc-eb02ef257ac1",
              "parentUUID": "984061aa-d6b9-44df-aac1-e78112745941",
              "isHook": false,
              "skipped": false
            },
            {
              "title": "Validations",
              "fullTitle": "My first Test Suite Validations",
              "timedOut": null,
              "duration": 3917,
              "state": "passed",
              "speed": "fast",
              "pass": true,
              "fail": false,
              "pending": false,
              "context": null,
              "code": "cy.visit(\"https://rahulshettyacademy.com/seleniumPractise/#/\");\ncy.get(\"[placeholder='Search for Vegetables and Fruits']\").type('ca');\ncy.wait(2000);\ncy.get('.product:visible').should('have.length', 4);\ncy.get('.products').find('.product').should('have.length', 4);\ncy.get('.products').find('.product').each(($el, index, $list) => {\n  const SavingTheText = $el.find('h4.product-name').text();\n  if (SavingTheText.includes('Cashews')) {\n    cy.wrap($el).find('button').click();\n  }\n});\ncy.get('.products').find('.product').each(($el, index, $list) => {\n  const SavingTheText = $el.find('h4.product-name').text();\n  if (SavingTheText.includes('Carrot')) {\n    cy.wrap($el).find('button').click();\n  }\n});\ncy.get('[alt=\"Cart\"]').click();\ncy.contains('PROCEED TO CHECKOUT').click();\ncy.contains('Place Order').click();",
              "err": {},
              "uuid": "c9739a6b-bd8e-4dab-b76b-6f1d6071ff7d",
              "parentUUID": "984061aa-d6b9-44df-aac1-e78112745941",
              "isHook": false,
              "skipped": false
            }
          ],
          "suites": [],
          "passes": [
            "8f8c9161-13d1-4051-a977-0f16ec2bb43f",
            "28046c7c-b309-4c58-928d-e1f20be68f7d",
            "4687e9a7-188b-4bda-86e9-ccd9b9bf903c",
            "3d714d6c-ad9d-45b2-9c3c-95adc76b2437",
            "d2fd7793-9d06-4447-bd3c-5e97a91abc63",
            "ab46e0c9-c5fa-4920-b5fc-eb02ef257ac1",
            "c9739a6b-bd8e-4dab-b76b-6f1d6071ff7d"
          ],
          "failures": [],
          "pending": [],
          "skipped": [],
          "duration": 27614,
          "root": false,
          "rootEmpty": false,
          "_timeout": 2000
        }
      ],
      "passes": [],
      "failures": [],
      "pending": [],
      "skipped": [],
      "duration": 0,
      "root": true,
      "rootEmpty": true,
      "_timeout": 2000
    }
  ],
  "meta": {
    "mocha": {
      "version": "7.0.1"
    },
    "mochawesome": {
      "options": {
        "quiet": false,
        "reportFilename": "report",
        "saveHtml": true,
        "saveJson": true,
        "consoleReporter": "spec",
        "useInlineDiffs": false,
        "code": true
      },
      "version": "7.1.3"
    },
    "marge": {
      "options": {
        "reportDir": "./mochawesome-reports",
        "reportFilename": "report",
        "reportTitle": "Automation Report",
        "autoOpen": true,
        "displayDuration": true,
        "clearOldReports": true,
        "enableConsole": true,
        "enableFile": true,
        "enableJSON": true,
        "enableXML": true,
        "logFileName": "./reports/logs.log",
        "showLog": true,
        "showPassed": true,
        "showFailed": true,
        "showPending": true,
        "showDuration": true,
        "showSuiteNumber": true,
        "showSpecTimings": true,
        "showSpec": true,
        "showSuite": true,
        "showTime": true,
        "showTotal": true,
        "showConfiguration": true,
        "chart": true,
        "saveColors": true,
        "overwrite": false,
        "reportPageTitle": "Test tun title",
        "embeddedScreenshots": true,
        "embeddedVideo": true,
        "inlineAssets": true,
        "saveAllAttempts": false
      },
      "version": "6.2.0"
    }
  }
}