{
  "stats": {
    "suites": 1,
    "tests": 9,
    "passes": 8,
    "pending": 0,
    "failures": 1,
    "start": "2022-07-14T10:38:37.719Z",
    "end": "2022-07-14T10:39:43.482Z",
    "duration": 65763,
    "testsRegistered": 9,
    "passPercent": 88.88888888888889,
    "pendingPercent": 0,
    "other": 0,
    "hasOther": false,
    "skipped": 0,
    "hasSkipped": false
  },
  "results": [
    {
      "uuid": "10493f55-95e4-46fa-a707-67a5c7675fa3",
      "title": "",
      "fullFile": "cypress\\integration\\examples\\test2.js",
      "file": "cypress\\integration\\examples\\test2.js",
      "beforeHooks": [],
      "afterHooks": [],
      "tests": [],
      "suites": [
        {
          "uuid": "d0cd2f98-a92e-471d-8857-9f75a6e0557b",
          "title": "My Second Test Suite",
          "fullFile": "",
          "file": "",
          "beforeHooks": [],
          "afterHooks": [],
          "tests": [
            {
              "title": "Verifications with checkboxes",
              "fullTitle": "My Second Test Suite Verifications with checkboxes",
              "timedOut": null,
              "duration": 13601,
              "state": "passed",
              "speed": "slow",
              "pass": true,
              "fail": false,
              "pending": false,
              "context": null,
              "code": "/* \n    check = marca\n    uncheck = desmarca\n*/\ncy.visit(\"https://rahulshettyacademy.com/AutomationPractice/\");\ncy.get('#checkBoxOption1').check().should('be.checked');\ncy.get('#checkBoxOption1').check().should('have.prop', 'checked', true);\ncy.get('#checkBoxOption1').check().should('be.checked').and('have.value', 'option1');\ncy.get('#checkBoxOption2').uncheck().should('not.be.checked');\ncy.get('input[type=\"checkbox\"]').check(['option2', 'option3']);",
              "err": {},
              "uuid": "e7756bb2-aa12-46bb-8cfd-e497773c7519",
              "parentUUID": "d0cd2f98-a92e-471d-8857-9f75a6e0557b",
              "isHook": false,
              "skipped": false
            },
            {
              "title": "Verifications with dropdowns",
              "fullTitle": "My Second Test Suite Verifications with dropdowns",
              "timedOut": null,
              "duration": 6615,
              "state": "passed",
              "speed": "medium",
              "pass": true,
              "fail": false,
              "pending": false,
              "context": null,
              "code": "cy.visit(\"https://rahulshettyacademy.com/AutomationPractice/\"); //Static Dropdowns\ncy.get('select').select('option2').should('have.value', 'option2');",
              "err": {},
              "uuid": "7ef8a86d-547e-4e71-b4fe-c1f31300d5ca",
              "parentUUID": "d0cd2f98-a92e-471d-8857-9f75a6e0557b",
              "isHook": false,
              "skipped": false
            },
            {
              "title": "Verifications with Autocomplete",
              "fullTitle": "My Second Test Suite Verifications with Autocomplete",
              "timedOut": null,
              "duration": 4576,
              "state": "passed",
              "speed": "fast",
              "pass": true,
              "fail": false,
              "pending": false,
              "context": null,
              "code": "cy.visit(\"https://rahulshettyacademy.com/AutomationPractice/\");\ncy.get('#autocomplete').type('ind');\ncy.get('#autocomplete').clear();\ncy.get('#autocomplete').type('ind');\ncy.get('.ui-menu-item').each(($el, index, $list) => {\n  if ($el.text() === \"India\") {\n    cy.wrap($el).click();\n  }\n});\ncy.get('#autocomplete').should('have.value', 'India');",
              "err": {},
              "uuid": "8915f0b6-44af-4e9b-832d-f686aaade710",
              "parentUUID": "d0cd2f98-a92e-471d-8857-9f75a6e0557b",
              "isHook": false,
              "skipped": false
            },
            {
              "title": "Verifications with radiobuttons",
              "fullTitle": "My Second Test Suite Verifications with radiobuttons",
              "timedOut": null,
              "duration": 5218,
              "state": "passed",
              "speed": "medium",
              "pass": true,
              "fail": false,
              "pending": false,
              "context": null,
              "code": "cy.visit(\"https://rahulshettyacademy.com/AutomationPractice/\");\ncy.get('[value=\"radio2\"]').check().should('be.checked');",
              "err": {},
              "uuid": "43a3f54e-6d0f-41ab-8a21-ea206f098707",
              "parentUUID": "d0cd2f98-a92e-471d-8857-9f75a6e0557b",
              "isHook": false,
              "skipped": false
            },
            {
              "title": "How to handle Alerts",
              "fullTitle": "My Second Test Suite How to handle Alerts",
              "timedOut": null,
              "duration": 3780,
              "state": "passed",
              "speed": "fast",
              "pass": true,
              "fail": false,
              "pending": false,
              "context": null,
              "code": "cy.visit(\"https://rahulshettyacademy.com/AutomationPractice/\");\ncy.get('#alertbtn').click();\ncy.get('#confirmbtn').click(); // Assert the alert message using Cypress events (Catalog of Events documentation)\ncy.on('window:alert', str => {\n  expect(str).to.equal('Hello , share this practice page and share your knowledge');\n});",
              "err": {},
              "uuid": "8f38469b-418c-4b48-8a4d-39ff55375f18",
              "parentUUID": "d0cd2f98-a92e-471d-8857-9f75a6e0557b",
              "isHook": false,
              "skipped": false
            },
            {
              "title": "How to handle child tabs and nav controls",
              "fullTitle": "My Second Test Suite How to handle child tabs and nav controls",
              "timedOut": null,
              "duration": 11558,
              "state": "passed",
              "speed": "slow",
              "pass": true,
              "fail": false,
              "pending": false,
              "context": null,
              "code": "cy.visit(\"https://rahulshettyacademy.com/AutomationPractice/\"); //cy.get('[id=\"opentab\"]').invoke('removeAttr', 'target').click();\ncy.get('#opentab').invoke('removeAttr', 'target').click(); // removeattr is a jquary method to remove an attribute from an element. It takes two parameters:\n// https://www.w3schools.com/jquery/html_removeattr.asp\n//How to use Navigating BACK control.\ncy.go('back');\ncy.url().should('include', 'rahulshettyacademy.com/AutomationPractice/');\ncy.url().should('include', 'rahulshettyacademy'); //How to use Navigating FORWARD control.\ncy.go('forward');\ncy.url().should('include', 'https://www.rahulshettyacademy.com/');",
              "err": {},
              "uuid": "cd81ce40-c4b9-48a7-8ee7-91a0c35c3147",
              "parentUUID": "d0cd2f98-a92e-471d-8857-9f75a6e0557b",
              "isHook": false,
              "skipped": false
            },
            {
              "title": "How to handle web tables",
              "fullTitle": "My Second Test Suite How to handle web tables",
              "timedOut": null,
              "duration": 5534,
              "state": "failed",
              "speed": null,
              "pass": false,
              "fail": true,
              "pending": false,
              "context": null,
              "code": "cy.visit(\"https://rahulshettyacademy.com/AutomationPractice/\"); // CSS Selector tr td + :nth-child(2) is used to select the second child of the td element.\n// https://www.w3schools.com/cssref/css_selectors.asp       \ncy.get('tr td:nth-child(2)').each(($e1, index, $list) => {\n  const text = $e1.text();\n  if (text.includes(\"Python\")) {\n    cy.get(\"tr td:nth-child(2)\").eq(index).next().then(function (price) {\n      const priceText = price.text();\n      expect(priceText).to.equal('26');\n    });\n  }\n});",
              "err": {
                "message": "AssertionError: expected '25' to equal '26'",
                "estack": "AssertionError: expected '25' to equal '26'\n    at Context.eval (https://rahulshettyacademy.com/__cypress/tests?p=cypress\\integration\\examples\\test2.js:167:32)",
                "diff": "- '25'\n+ '26'\n"
              },
              "uuid": "b1c81990-7892-4251-863d-b3ea1bad828c",
              "parentUUID": "d0cd2f98-a92e-471d-8857-9f75a6e0557b",
              "isHook": false,
              "skipped": false
            },
            {
              "title": "How to handle mouse hover events",
              "fullTitle": "My Second Test Suite How to handle mouse hover events",
              "timedOut": null,
              "duration": 3941,
              "state": "passed",
              "speed": "fast",
              "pass": true,
              "fail": false,
              "pending": false,
              "context": null,
              "code": "cy.visit(\"https://rahulshettyacademy.com/AutomationPractice/\"); //Click in top option:\ncy.get('div.mouse-hover-content').invoke('show'); //'show' is a Jquery method to show an element.\ncy.contains('Top').click(); //click in top option method 2:\n//cy.get('div.mouse-hover-content').invoke('show');\n//cy.contains('Top').click({force:true});\ncy.url().should('include', 'top');",
              "err": {},
              "uuid": "9befe34f-ddfe-435a-82cc-9429c186643a",
              "parentUUID": "d0cd2f98-a92e-471d-8857-9f75a6e0557b",
              "isHook": false,
              "skipped": false
            },
            {
              "title": "How to handle child windows",
              "fullTitle": "My Second Test Suite How to handle child windows",
              "timedOut": null,
              "duration": 7611,
              "state": "passed",
              "speed": "medium",
              "pass": true,
              "fail": false,
              "pending": false,
              "context": null,
              "code": "// This can be done only if we remain in the same domain\ncy.visit(\"https://rahulshettyacademy.com/AutomationPractice/\");\ncy.get('#opentab').then(function (el) {\n  const url = el.prop('href');\n  cy.log(url);\n  cy.visit(url);\n});",
              "err": {},
              "uuid": "1060a62b-9e35-4252-811b-1133dae992bc",
              "parentUUID": "d0cd2f98-a92e-471d-8857-9f75a6e0557b",
              "isHook": false,
              "skipped": false
            }
          ],
          "suites": [],
          "passes": [
            "e7756bb2-aa12-46bb-8cfd-e497773c7519",
            "7ef8a86d-547e-4e71-b4fe-c1f31300d5ca",
            "8915f0b6-44af-4e9b-832d-f686aaade710",
            "43a3f54e-6d0f-41ab-8a21-ea206f098707",
            "8f38469b-418c-4b48-8a4d-39ff55375f18",
            "cd81ce40-c4b9-48a7-8ee7-91a0c35c3147",
            "9befe34f-ddfe-435a-82cc-9429c186643a",
            "1060a62b-9e35-4252-811b-1133dae992bc"
          ],
          "failures": [
            "b1c81990-7892-4251-863d-b3ea1bad828c"
          ],
          "pending": [],
          "skipped": [],
          "duration": 62434,
          "root": false,
          "rootEmpty": false,
          "_timeout": 2000
        }
      ],
      "passes": [],
      "failures": [],
      "pending": [],
      "skipped": [],
      "duration": 0,
      "root": true,
      "rootEmpty": true,
      "_timeout": 2000
    }
  ],
  "meta": {
    "mocha": {
      "version": "7.0.1"
    },
    "mochawesome": {
      "options": {
        "quiet": false,
        "reportFilename": "report",
        "saveHtml": true,
        "saveJson": true,
        "consoleReporter": "spec",
        "useInlineDiffs": false,
        "code": true
      },
      "version": "7.1.3"
    },
    "marge": {
      "options": {
        "reportDir": "./mochawesome-reports",
        "reportFilename": "report",
        "reportTitle": "Automation Report",
        "autoOpen": true,
        "displayDuration": true,
        "clearOldReports": true,
        "enableConsole": true,
        "enableFile": true,
        "enableJSON": true,
        "enableXML": true,
        "logFileName": "./reports/logs.log",
        "showLog": true,
        "showPassed": true,
        "showFailed": true,
        "showPending": true,
        "showDuration": true,
        "showSuiteNumber": true,
        "showSpecTimings": true,
        "showSpec": true,
        "showSuite": true,
        "showTime": true,
        "showTotal": true,
        "showConfiguration": true,
        "chart": true,
        "saveColors": true,
        "overwrite": false,
        "reportPageTitle": "Test tun title",
        "embeddedScreenshots": true,
        "embeddedVideo": true,
        "inlineAssets": true,
        "saveAllAttempts": false
      },
      "version": "6.2.0"
    }
  }
}