{
  "stats": {
    "suites": 1,
    "tests": 4,
    "passes": 4,
    "pending": 0,
    "failures": 0,
    "start": "2022-07-19T13:18:47.753Z",
    "end": "2022-07-19T13:18:56.017Z",
    "duration": 8264,
    "testsRegistered": 4,
    "passPercent": 100,
    "pendingPercent": 0,
    "other": 0,
    "hasOther": false,
    "skipped": 0,
    "hasSkipped": false
  },
  "results": [
    {
      "uuid": "c5b8f2f5-ecf4-4ed0-b4fc-85c8e94ac089",
      "title": "",
      "fullFile": "cypress\\integration\\swag\\swagcases.feature",
      "file": "cypress\\integration\\swag\\swagcases.feature",
      "beforeHooks": [],
      "afterHooks": [],
      "tests": [],
      "suites": [
        {
          "uuid": "0fbca9c1-7dab-43f3-afd7-92e882ec5eb0",
          "title": "Exploring Swaglabs demo site",
          "fullFile": "",
          "file": "",
          "beforeHooks": [],
          "afterHooks": [],
          "tests": [
            {
              "title": "The user logs in to the site",
              "fullTitle": "Exploring Swaglabs demo site The user logs in to the site",
              "timedOut": null,
              "duration": 1711,
              "state": "passed",
              "speed": "fast",
              "pass": true,
              "fail": false,
              "pending": false,
              "context": null,
              "code": "const state = window.testState;\nreturn cy\n  .then(() => state.onStartScenario(scenario, indexedSteps))\n  .then(() =>\n    resolveAndRunBeforeHooks.call(this, scenario.tags, state.feature.name)\n  )\n  .then(() =>\n    indexedSteps.forEach((step) =>\n      stepTest.call(this, state, step, rowData)\n    )\n  )\n  .then(() => state.onFinishScenario(scenario));",
              "err": {},
              "uuid": "c403e60e-9346-4163-890d-69c63a64e239",
              "parentUUID": "0fbca9c1-7dab-43f3-afd7-92e882ec5eb0",
              "isHook": false,
              "skipped": false
            },
            {
              "title": "The user logs in to the site (Shorter path)",
              "fullTitle": "Exploring Swaglabs demo site The user logs in to the site (Shorter path)",
              "timedOut": null,
              "duration": 1042,
              "state": "passed",
              "speed": "fast",
              "pass": true,
              "fail": false,
              "pending": false,
              "context": null,
              "code": "const state = window.testState;\nreturn cy\n  .then(() => state.onStartScenario(scenario, indexedSteps))\n  .then(() =>\n    resolveAndRunBeforeHooks.call(this, scenario.tags, state.feature.name)\n  )\n  .then(() =>\n    indexedSteps.forEach((step) =>\n      stepTest.call(this, state, step, rowData)\n    )\n  )\n  .then(() => state.onFinishScenario(scenario));",
              "err": {},
              "uuid": "2ee0601b-1aec-4650-adde-4b477aaf88dd",
              "parentUUID": "0fbca9c1-7dab-43f3-afd7-92e882ec5eb0",
              "isHook": false,
              "skipped": false
            },
            {
              "title": "The user add a product in the cart",
              "fullTitle": "Exploring Swaglabs demo site The user add a product in the cart",
              "timedOut": null,
              "duration": 1336,
              "state": "passed",
              "speed": "fast",
              "pass": true,
              "fail": false,
              "pending": false,
              "context": null,
              "code": "const state = window.testState;\nreturn cy\n  .then(() => state.onStartScenario(scenario, indexedSteps))\n  .then(() =>\n    resolveAndRunBeforeHooks.call(this, scenario.tags, state.feature.name)\n  )\n  .then(() =>\n    indexedSteps.forEach((step) =>\n      stepTest.call(this, state, step, rowData)\n    )\n  )\n  .then(() => state.onFinishScenario(scenario));",
              "err": {},
              "uuid": "fc9041df-7d03-4a01-a5d7-1a8afc5be0d8",
              "parentUUID": "0fbca9c1-7dab-43f3-afd7-92e882ec5eb0",
              "isHook": false,
              "skipped": false
            },
            {
              "title": "The user add products with conditional",
              "fullTitle": "Exploring Swaglabs demo site The user add products with conditional",
              "timedOut": null,
              "duration": 1490,
              "state": "passed",
              "speed": "fast",
              "pass": true,
              "fail": false,
              "pending": false,
              "context": null,
              "code": "const state = window.testState;\nreturn cy\n  .then(() => state.onStartScenario(scenario, indexedSteps))\n  .then(() =>\n    resolveAndRunBeforeHooks.call(this, scenario.tags, state.feature.name)\n  )\n  .then(() =>\n    indexedSteps.forEach((step) =>\n      stepTest.call(this, state, step, rowData)\n    )\n  )\n  .then(() => state.onFinishScenario(scenario));",
              "err": {},
              "uuid": "1647d505-a164-41e7-834d-0e91d77c5b79",
              "parentUUID": "0fbca9c1-7dab-43f3-afd7-92e882ec5eb0",
              "isHook": false,
              "skipped": false
            }
          ],
          "suites": [],
          "passes": [
            "c403e60e-9346-4163-890d-69c63a64e239",
            "2ee0601b-1aec-4650-adde-4b477aaf88dd",
            "fc9041df-7d03-4a01-a5d7-1a8afc5be0d8",
            "1647d505-a164-41e7-834d-0e91d77c5b79"
          ],
          "failures": [],
          "pending": [],
          "skipped": [],
          "duration": 5579,
          "root": false,
          "rootEmpty": false,
          "_timeout": 2000
        }
      ],
      "passes": [],
      "failures": [],
      "pending": [],
      "skipped": [],
      "duration": 0,
      "root": true,
      "rootEmpty": true,
      "_timeout": 2000
    }
  ],
  "meta": {
    "mocha": {
      "version": "7.0.1"
    },
    "mochawesome": {
      "options": {
        "quiet": false,
        "reportFilename": "report",
        "saveHtml": true,
        "saveJson": true,
        "consoleReporter": "spec",
        "useInlineDiffs": false,
        "code": true
      },
      "version": "7.1.3"
    },
    "marge": {
      "options": {
        "reportDir": "./mochawesome-reports",
        "reportFilename": "report",
        "reportTitle": "Automation Report",
        "autoOpen": true,
        "displayDuration": true,
        "clearOldReports": true,
        "enableConsole": true,
        "enableFile": true,
        "enableJSON": true,
        "enableXML": true,
        "logFileName": "./reports/logs.log",
        "showLog": true,
        "showPassed": true,
        "showFailed": true,
        "showPending": true,
        "showDuration": true,
        "showSuiteNumber": true,
        "showSpecTimings": true,
        "showSpec": true,
        "showSuite": true,
        "showTime": true,
        "showTotal": true,
        "showConfiguration": true,
        "chart": true,
        "saveColors": true,
        "overwrite": false,
        "reportPageTitle": "Test Run Report",
        "embeddedScreenshots": true,
        "embeddedVideo": true,
        "inlineAssets": true,
        "saveAllAttempts": false
      },
      "version": "6.2.0"
    }
  }
}